C51 COMPILER V9.00   DELAY                                                                 03/21/2018 10:32:28 PAGE 1   


C51 COMPILER V9.00, COMPILATION OF MODULE DELAY
OBJECT MODULE PLACED IN .\Output\Delay.obj
COMPILER INVOKED BY: D:\program files\Keil\C51\BIN\C51.EXE Common\Delay.c OPTIMIZE(8,SPEED) BROWSE INCDIR(..\Include) DE
                    -FINE(FOSC_160000) DEBUG OBJECTEXTEND PRINT(.\LST\Delay.lst) TABS(2) OBJECT(.\Output\Delay.obj)

line level    source

   1          /*--------------------------------------------------------------------------------------------------------
             --*/
   2          /*                                                                                                        
             - */
   3          /* Copyright(c) 2016 Nuvoton Technology Corp. All rights reserved.                                        
             - */
   4          /*                                                                                                        
             - */
   5          /*--------------------------------------------------------------------------------------------------------
             --*/
   6          
   7          //********************************************************************************************************
             -***
   8          //  Nuvoton Technoledge Corp. 
   9          //  Website: http://www.nuvoton.com
  10          //  E-Mail : MicroC-8bit@nuvoton.com
  11          //  Date   : Apr/21/2016
  12          //********************************************************************************************************
             -***
  13          
  14          #include "N76E003.h"
  15          #include "Common.h"
*** WARNING C318 IN LINE 15 OF Common\Delay.c: can't open file 'Common.h'
  16          #include "Delay.h"
*** WARNING C318 IN LINE 16 OF Common\Delay.c: can't open file 'Delay.h'
  17          #include "SFR_Macro.h"
*** WARNING C318 IN LINE 17 OF Common\Delay.c: can't open file 'SFR_Macro.h'
  18          #include "Function_define.h"
*** WARNING C318 IN LINE 18 OF Common\Delay.c: can't open file 'Function_define.h'
  19          bit BIT_TMP;
  20          
  21          //-------------------------------------------------------------------------
  22          void Timer0_Delay100us(UINT32 u32CNT)
*** ERROR C141 IN LINE 22 OF COMMON\DELAY.C: syntax error near 'u32CNT', expected ')'
  23          {
  24   1          clr_T0M;                                    //T0M=0, Timer0 Clock = Fsys/12
*** ERROR C202 IN LINE 24 OF COMMON\DELAY.C: 'clr_T0M': undefined identifier
  25   1          TMOD |= 0x01;                               //Timer0 is 16-bit mode
  26   1          set_TR0;                                    //Start Timer0
*** ERROR C202 IN LINE 26 OF COMMON\DELAY.C: 'set_TR0': undefined identifier
  27   1          while (u32CNT != 0)
*** ERROR C202 IN LINE 27 OF COMMON\DELAY.C: 'u32CNT': undefined identifier
  28   1          {
  29   2              TL0 = LOBYTE(TIMER_DIV12_VALUE_100us);  //Find  define in "Function_define.h" "TIMER VALUE"
*** ERROR C202 IN LINE 29 OF COMMON\DELAY.C: 'TIMER_DIV12_VALUE_100us': undefined identifier
  30   2              TH0 = HIBYTE(TIMER_DIV12_VALUE_100us);
*** ERROR C202 IN LINE 30 OF COMMON\DELAY.C: 'TIMER_DIV12_VALUE_100us': undefined identifier
  31   2              while (TF0 != 1);                       //Check Timer0 Time-Out Flag
  32   2              clr_TF0;
*** ERROR C202 IN LINE 32 OF COMMON\DELAY.C: 'clr_TF0': undefined identifier
  33   2              u32CNT --;
*** ERROR C202 IN LINE 33 OF COMMON\DELAY.C: 'u32CNT': undefined identifier
  34   2          }
  35   1          clr_TR0;                                    //Stop Timer0
C51 COMPILER V9.00   DELAY                                                                 03/21/2018 10:32:28 PAGE 2   

*** ERROR C202 IN LINE 35 OF COMMON\DELAY.C: 'clr_TR0': undefined identifier
  36   1      }
  37          //------------------------------------------------------------------------------
  38          void Timer0_Delay1ms(UINT32 u32CNT)
*** ERROR C141 IN LINE 38 OF COMMON\DELAY.C: syntax error near 'u32CNT', expected ')'
  39          {
  40   1          clr_T0M;                                    //T0M=0, Timer0 Clock = Fsys/12
*** ERROR C202 IN LINE 40 OF COMMON\DELAY.C: 'clr_T0M': undefined identifier
  41   1          TMOD |= 0x01;                               //Timer0 is 16-bit mode
  42   1          set_TR0;                                    //Start Timer0
*** ERROR C202 IN LINE 42 OF COMMON\DELAY.C: 'set_TR0': undefined identifier
  43   1          while (u32CNT != 0)
*** ERROR C202 IN LINE 43 OF COMMON\DELAY.C: 'u32CNT': undefined identifier
  44   1          {
  45   2              TL0 = LOBYTE(TIMER_DIV12_VALUE_1ms);    //Find  define in "Function_define.h" "TIMER VALUE"
*** ERROR C202 IN LINE 45 OF COMMON\DELAY.C: 'TIMER_DIV12_VALUE_1ms': undefined identifier
  46   2              TH0 = HIBYTE(TIMER_DIV12_VALUE_1ms);
*** ERROR C202 IN LINE 46 OF COMMON\DELAY.C: 'TIMER_DIV12_VALUE_1ms': undefined identifier
  47   2              while (TF0 != 1);                       //Check Timer0 Time-Out Flag
  48   2              clr_TF0;
*** ERROR C202 IN LINE 48 OF COMMON\DELAY.C: 'clr_TF0': undefined identifier
  49   2              u32CNT --;
*** ERROR C202 IN LINE 49 OF COMMON\DELAY.C: 'u32CNT': undefined identifier
  50   2          }
  51   1          clr_TR0;                                    //Stop Timer0
*** ERROR C202 IN LINE 51 OF COMMON\DELAY.C: 'clr_TR0': undefined identifier
  52   1      }
  53          
  54          //------------------------------------------------------------------------------
  55          void Timer1_Delay10ms(UINT32 u32CNT)
*** ERROR C141 IN LINE 55 OF COMMON\DELAY.C: syntax error near 'u32CNT', expected ')'
  56          {
  57   1          clr_T1M;                                    //T1M=0, Timer1 Clock = Fsys/12
*** ERROR C202 IN LINE 57 OF COMMON\DELAY.C: 'clr_T1M': undefined identifier
  58   1          TMOD |= 0x10;                               //Timer1 is 16-bit mode
  59   1          set_TR1;                                    //Start Timer1
*** ERROR C202 IN LINE 59 OF COMMON\DELAY.C: 'set_TR1': undefined identifier
  60   1          while (u32CNT != 0)
*** ERROR C202 IN LINE 60 OF COMMON\DELAY.C: 'u32CNT': undefined identifier
  61   1          {
  62   2              TL1 = LOBYTE(TIMER_DIV12_VALUE_10ms);   //Find  define in "Function_define.h" "TIMER VALUE"
*** ERROR C202 IN LINE 62 OF COMMON\DELAY.C: 'TIMER_DIV12_VALUE_10ms': undefined identifier
  63   2              TH1 = HIBYTE(TIMER_DIV12_VALUE_10ms);
*** ERROR C202 IN LINE 63 OF COMMON\DELAY.C: 'TIMER_DIV12_VALUE_10ms': undefined identifier
  64   2              while (TF1 != 1);                       //Check Timer1 Time-Out Flag
  65   2              clr_TF1;
*** ERROR C202 IN LINE 65 OF COMMON\DELAY.C: 'clr_TF1': undefined identifier
  66   2              u32CNT --;
*** ERROR C202 IN LINE 66 OF COMMON\DELAY.C: 'u32CNT': undefined identifier
  67   2          }
  68   1          clr_TR1;                                    //Stop Timer1
*** ERROR C202 IN LINE 68 OF COMMON\DELAY.C: 'clr_TR1': undefined identifier
  69   1      }
  70          //------------------------------------------------------------------------------
  71          void Timer2_Delay500us(UINT32 u32CNT)
*** ERROR C141 IN LINE 71 OF COMMON\DELAY.C: syntax error near 'u32CNT', expected ')'
  72          {
  73   1          clr_T2DIV2;                                 //Timer2 Clock = Fsys/4 
*** ERROR C202 IN LINE 73 OF COMMON\DELAY.C: 'clr_T2DIV2': undefined identifier
  74   1          clr_T2DIV1;
*** ERROR C202 IN LINE 74 OF COMMON\DELAY.C: 'clr_T2DIV1': undefined identifier
  75   1          set_T2DIV0;
C51 COMPILER V9.00   DELAY                                                                 03/21/2018 10:32:28 PAGE 3   

*** ERROR C202 IN LINE 75 OF COMMON\DELAY.C: 'set_T2DIV0': undefined identifier
  76   1          set_TR2;                                    //Start Timer2
*** ERROR C202 IN LINE 76 OF COMMON\DELAY.C: 'set_TR2': undefined identifier
  77   1          while (u32CNT != 0)
*** ERROR C202 IN LINE 77 OF COMMON\DELAY.C: 'u32CNT': undefined identifier
  78   1          {
  79   2              TL2 = LOBYTE(TIMER_DIV4_VALUE_500us);   //Find  define in "Function_define.h" "TIMER VALUE"
*** ERROR C202 IN LINE 79 OF COMMON\DELAY.C: 'TIMER_DIV4_VALUE_500us': undefined identifier
  80   2              TH2 = HIBYTE(TIMER_DIV4_VALUE_500us);
*** ERROR C202 IN LINE 80 OF COMMON\DELAY.C: 'TIMER_DIV4_VALUE_500us': undefined identifier
  81   2              while (TF2 != 1);                       //Check Timer2 Time-Out Flag
  82   2              clr_TF2;
*** ERROR C202 IN LINE 82 OF COMMON\DELAY.C: 'clr_TF2': undefined identifier
  83   2              u32CNT --;
*** ERROR C202 IN LINE 83 OF COMMON\DELAY.C: 'u32CNT': undefined identifier
  84   2          }
  85   1          clr_TR2;                                    //Stop Timer2
*** ERROR C202 IN LINE 85 OF COMMON\DELAY.C: 'clr_TR2': undefined identifier
  86   1      }
  87          //------------------------------------------------------------------------------
  88          void Timer3_Delay100ms(UINT32 u32CNT)
*** ERROR C141 IN LINE 88 OF COMMON\DELAY.C: syntax error near 'u32CNT', expected ')'
  89          {
  90   1          T3CON = 0x07;                               //Timer3 Clock = Fsys/128
  91   1          set_TR3;                                    //Trigger Timer3
*** ERROR C202 IN LINE 91 OF COMMON\DELAY.C: 'set_TR3': undefined identifier
  92   1          while (u32CNT != 0)
*** ERROR C202 IN LINE 92 OF COMMON\DELAY.C: 'u32CNT': undefined identifier
  93   1          {
  94   2              RL3 = LOBYTE(TIMER_DIV128_VALUE_100ms); //Find  define in "Function_define.h" "TIMER VALUE"
*** ERROR C202 IN LINE 94 OF COMMON\DELAY.C: 'TIMER_DIV128_VALUE_100ms': undefined identifier
  95   2              RH3 = HIBYTE(TIMER_DIV128_VALUE_100ms);
*** ERROR C202 IN LINE 95 OF COMMON\DELAY.C: 'TIMER_DIV128_VALUE_100ms': undefined identifier
  96   2              while ((T3CON&SET_BIT4) != SET_BIT4);   //Check Timer3 Time-Out Flag
*** ERROR C202 IN LINE 96 OF COMMON\DELAY.C: 'SET_BIT4': undefined identifier
  97   2              clr_TF3;
*** ERROR C202 IN LINE 97 OF COMMON\DELAY.C: 'clr_TF3': undefined identifier
  98   2              u32CNT --;
*** ERROR C202 IN LINE 98 OF COMMON\DELAY.C: 'u32CNT': undefined identifier
  99   2          }
 100   1          clr_TR3;                                    //Stop Timer3
*** ERROR C202 IN LINE 100 OF COMMON\DELAY.C: 'clr_TR3': undefined identifier
 101   1      }
 102          //------------------------------------------------------------------------------
 103          void Timer3_Delay10us(UINT32 u32CNT)
*** ERROR C141 IN LINE 103 OF COMMON\DELAY.C: syntax error near 'u32CNT', expected ')'
 104          {
 105   1          T3CON = 0x07;                               //Timer3 Clock = Fsys/128
 106   1          set_TR3;                                    //Trigger Timer3
*** ERROR C202 IN LINE 106 OF COMMON\DELAY.C: 'set_TR3': undefined identifier
 107   1          while (u32CNT != 0)
*** ERROR C202 IN LINE 107 OF COMMON\DELAY.C: 'u32CNT': undefined identifier
 108   1          {
 109   2              RL3 = LOBYTE(TIMER_DIV4_VALUE_10us); //Find  define in "Function_define.h" "TIMER VALUE"
*** ERROR C202 IN LINE 109 OF COMMON\DELAY.C: 'TIMER_DIV4_VALUE_10us': undefined identifier
 110   2              RH3 = HIBYTE(TIMER_DIV4_VALUE_10us);
*** ERROR C202 IN LINE 110 OF COMMON\DELAY.C: 'TIMER_DIV4_VALUE_10us': undefined identifier
 111   2              while ((T3CON&SET_BIT4) != SET_BIT4);   //Check Timer3 Time-Out Flag
*** ERROR C202 IN LINE 111 OF COMMON\DELAY.C: 'SET_BIT4': undefined identifier
 112   2              clr_TF3;
*** ERROR C202 IN LINE 112 OF COMMON\DELAY.C: 'clr_TF3': undefined identifier
 113   2              u32CNT --;
C51 COMPILER V9.00   DELAY                                                                 03/21/2018 10:32:28 PAGE 4   

*** ERROR C202 IN LINE 113 OF COMMON\DELAY.C: 'u32CNT': undefined identifier
 114   2          }
 115   1          clr_TR3;                                    //Stop Timer3
*** ERROR C202 IN LINE 115 OF COMMON\DELAY.C: 'clr_TR3': undefined identifier
 116   1      }

C51 COMPILATION COMPLETE.  4 WARNING(S),  56 ERROR(S)
