C51 COMPILER V9.00   MAIN                                                                  03/21/2018 10:32:27 PAGE 1   


C51 COMPILER V9.00, COMPILATION OF MODULE MAIN
OBJECT MODULE PLACED IN .\Output\Main.obj
COMPILER INVOKED BY: D:\program files\Keil\C51\BIN\C51.EXE Source\Main.c OPTIMIZE(8,SPEED) BROWSE INCDIR(..\Include) DEF
                    -INE(FOSC_160000) DEBUG OBJECTEXTEND PRINT(.\LST\Main.lst) TABS(2) OBJECT(.\Output\Main.obj)

line level    source

   1          /*--------------------------------------------------------------------------------------------------------
             --*/
   2          /*                                                                                                        
             - */
   3          /* Copyright(c) 2017 Nuvoton Technology Corp. All rights reserved.                                        
             - */
   4          /*                                                                                                        
             - */
   5          /*--------------------------------------------------------------------------------------------------------
             --*/
   6          
   7          //********************************************************************************************************
             -***
   8          //  Nuvoton Technoledge Corp. 
   9          //  Website: http://www.nuvoton.com
  10          //  E-Mail : MicroC-8bit@nuvoton.com
  11          //  Date   : Apr/21/2017
  12          //********************************************************************************************************
             -***
  13          
  14          //********************************************************************************************************
             -***
  15          //  File Function: N76E003 UART-0 Mode3 demo code
  16          //********************************************************************************************************
             -***
  17          #include "N76E003.h"
  18          #include "SFR_Macro.h"
*** WARNING C318 IN LINE 18 OF Source\Main.c: can't open file 'SFR_Macro.h'
  19          #include "Common.h"
*** WARNING C318 IN LINE 19 OF Source\Main.c: can't open file 'Common.h'
  20          #include "Delay.h"
*** WARNING C318 IN LINE 20 OF Source\Main.c: can't open file 'Delay.h'
  21          #include "Function_define.h"
*** WARNING C318 IN LINE 21 OF Source\Main.c: can't open file 'Function_define.h'
  22          
  23          #define BUFFER_SIZE   16
  24          UINT8  UART_BUFFER[BUFFER_SIZE],temp;
*** ERROR C129 IN LINE 24 OF SOURCE\MAIN.C: missing ';' before 'UART_BUFFER'
  25          UINT16 u16CNT=0,u16CNT1=0;
  26          bit riflag;
  27          
  28          
  29          /**
  30           * FUNCTION_PURPOSE: serial interrupt, echo received data.
  31           * FUNCTION_INPUTS: P0.7(RXD) serial input
  32           * FUNCTION_OUTPUTS: P0.6(TXD) serial output
  33           */
  34          void SerialPort0_ISR(void) interrupt 4 
  35          {
  36              if (RI==1) 
  37              {                                       /* if reception occur */
  38                  clr_RI;                             /* clear reception flag for next reception */
  39                  UART_BUFFER[u16CNT] = SBUF;
  40                  u16CNT ++;
C51 COMPILER V9.00   MAIN                                                                  03/21/2018 10:32:27 PAGE 2   

  41                  riflag =1;
  42              }
  43              if(TI==1)
  44              {
  45                  clr_TI;                             /* if emission occur */
  46              }
  47          }
  48          
  49          /*********************************************************************************************************
             -***
  50          *    Main function 
  51          **********************************************************************************************************
             -**/
  52          void main (void)
  53          {
  54              P12_PushPull_Mode;
  55              P06_Quasi_Mode;
  56              P07_Quasi_Mode;
  57            
  58              SCON = 0xD0;      // Special setting the mode 3 and 
  59              TMOD |= 0x20;     //Timer1 Mode1
  60              
  61              set_SMOD;         //UART0 Double Rate Enable
  62              set_T1M;
  63              clr_BRCK;         //Serial port 0 baud rate clock source = Timer1
  64              TH1 = 256 - (1000000/115200+1);               /*16 MHz */
  65              set_TR1;
  66            
  67              set_RB8;          //This bit is for setting the stop bit 2 high/low status, 
  68            
  69              clr_TI; 
  70              set_ES;           //enable UART interrupt
  71              set_EA;           //enable global interrupt
  72          
  73              while(1)
  74              {
  75                if (riflag)
  76                {
  77                  P12 = ~P12;   //In debug mode check UART_BUFFER[u16CNT] to check receive data
  78                  riflag = 0;
  79                }
  80              }
  81            
  82          }
  83          

C51 COMPILATION COMPLETE.  4 WARNING(S),  1 ERROR(S)
