C51 COMPILER V9.59.0.0   PUTCHAR                                                           12/21/2018 14:01:33 PAGE 1   


C51 COMPILER V9.59.0.0, COMPILATION OF MODULE PUTCHAR
OBJECT MODULE PLACED IN .\Output\PUTCHAR.obj
COMPILER INVOKED BY: D:\program files\Keil\C51\BIN\C51.EXE Source\PUTCHAR.C OPTIMIZE(8,SPEED) BROWSE INCDIR(..\..\Includ
                    -e) DEFINE(FOSC_160000) DEBUG OBJECTEXTEND PRINT(.\LST\PUTCHAR.lst) TABS(2) OBJECT(.\Output\PUTCHAR.obj)

line level    source

   1          /***********************************************************************/
   2          /*  This file is part of the C51 Compiler package                      */
   3          /*  Copyright KEIL ELEKTRONIK GmbH 1990 - 2002                         */
   4          /***********************************************************************/
   5          /*                                                                     */
   6          /*  PUTCHAR.C:  This routine is the general character output of C51.   */
   7          /*  You may add this file to a uVision2 project.                       */
   8          /*                                                                     */
   9          /*  To translate this file use C51 with the following invocation:      */
  10          /*     C51 PUTCHAR.C <memory model>                                    */
  11          /*                                                                     */
  12          /*  To link the modified PUTCHAR.OBJ file to your application use the  */
  13          /*  following Lx51 invocation:                                         */
  14          /*     Lx51 <your object file list>, PUTCHAR.OBJ <controls>            */
  15          /*                                                                     */
  16          /***********************************************************************/
  17          
  18          //#include <reg51.h>
  19          #include "N76E003.h"
  20          
  21          #define XON  0x11
  22          #define XOFF 0x13
  23          
  24          #if 1
  25          /****************************************************************************/
  26          /* Define putchar send from UART1, printf function will send from P1.6(TXD_1)
  27          /* NOTICE: Since UART1 pin is multi-function with OCD DATA/CLK pin.
  28          /* Suggest download than use run with realchip but not OCD mode.
  29          /****************************************************************************/
  30          
  31          
  32          #endif
  33          
  34          


MODULE INFORMATION:   STATIC OVERLAYABLE
   CODE SIZE        =   ----    ----
   CONSTANT SIZE    =   ----    ----
   XDATA SIZE       =   ----    ----
   PDATA SIZE       =   ----    ----
   DATA SIZE        =   ----    ----
   IDATA SIZE       =   ----    ----
   BIT SIZE         =   ----    ----
END OF MODULE INFORMATION.


C51 COMPILATION COMPLETE.  0 WARNING(S),  0 ERROR(S)
